[Thu Apr 25 16:12:28.496767 2024] [ssl:warn] [pid 7400:tid 444] AH01909: www.example.com:443:0 server certificate does NOT include an ID which matches the server name
[Thu Apr 25 16:12:28.596767 2024] [ssl:warn] [pid 7400:tid 444] AH01909: www.example.com:443:0 server certificate does NOT include an ID which matches the server name
[Thu Apr 25 16:12:28.951596 2024] [mpm_winnt:notice] [pid 7400:tid 444] AH00455: Apache/2.4.58 (Win64) OpenSSL/3.1.3 PHP/8.1.25 configured -- resuming normal operations
[Thu Apr 25 16:12:28.951596 2024] [mpm_winnt:notice] [pid 7400:tid 444] AH00456: Apache Lounge VS17 Server built: Oct 18 2023 13:03:18
[Thu Apr 25 16:12:28.951596 2024] [core:notice] [pid 7400:tid 444] AH00094: Command line: 'c:\\xampp\\apache\\bin\\httpd.exe -d C:/xampp/apache'
[Thu Apr 25 16:12:28.956594 2024] [mpm_winnt:notice] [pid 7400:tid 444] AH00418: Parent: Created child process 12312
[Thu Apr 25 16:12:30.213590 2024] [ssl:warn] [pid 12312:tid 432] AH01909: www.example.com:443:0 server certificate does NOT include an ID which matches the server name
[Thu Apr 25 16:12:30.317594 2024] [ssl:warn] [pid 12312:tid 432] AH01909: www.example.com:443:0 server certificate does NOT include an ID which matches the server name
[Thu Apr 25 16:12:30.425592 2024] [mpm_winnt:notice] [pid 12312:tid 432] AH00354: Child: Starting 150 worker threads.
[Thu Apr 25 17:24:34.798893 2024] [ssl:warn] [pid 11524:tid 440] AH01909: www.example.com:443:0 server certificate does NOT include an ID which matches the server name
[Thu Apr 25 17:24:34.879442 2024] [core:warn] [pid 11524:tid 440] AH00098: pid file C:/xampp/apache/logs/httpd.pid overwritten -- Unclean shutdown of previous Apache run?
[Thu Apr 25 17:24:34.883443 2024] [ssl:warn] [pid 11524:tid 440] AH01909: www.example.com:443:0 server certificate does NOT include an ID which matches the server name
[Thu Apr 25 17:24:35.014444 2024] [mpm_winnt:notice] [pid 11524:tid 440] AH00455: Apache/2.4.58 (Win64) OpenSSL/3.1.3 PHP/8.1.25 configured -- resuming normal operations
[Thu Apr 25 17:24:35.015444 2024] [mpm_winnt:notice] [pid 11524:tid 440] AH00456: Apache Lounge VS17 Server built: Oct 18 2023 13:03:18
[Thu Apr 25 17:24:35.015444 2024] [core:notice] [pid 11524:tid 440] AH00094: Command line: 'c:\\xampp\\apache\\bin\\httpd.exe -d C:/xampp/apache'
[Thu Apr 25 17:24:35.019445 2024] [mpm_winnt:notice] [pid 11524:tid 440] AH00418: Parent: Created child process 3900
[Thu Apr 25 17:24:36.418263 2024] [ssl:warn] [pid 3900:tid 460] AH01909: www.example.com:443:0 server certificate does NOT include an ID which matches the server name
[Thu Apr 25 17:24:36.548255 2024] [ssl:warn] [pid 3900:tid 460] AH01909: www.example.com:443:0 server certificate does NOT include an ID which matches the server name
[Thu Apr 25 17:24:36.653258 2024] [mpm_winnt:notice] [pid 3900:tid 460] AH00354: Child: Starting 150 worker threads.
[Thu Apr 25 17:33:32.935325 2024] [ssl:warn] [pid 16288:tid 428] AH01909: www.example.com:443:0 server certificate does NOT include an ID which matches the server name
[Thu Apr 25 17:33:33.010322 2024] [core:warn] [pid 16288:tid 428] AH00098: pid file C:/xampp/apache/logs/httpd.pid overwritten -- Unclean shutdown of previous Apache run?
[Thu Apr 25 17:33:33.014324 2024] [ssl:warn] [pid 16288:tid 428] AH01909: www.example.com:443:0 server certificate does NOT include an ID which matches the server name
[Thu Apr 25 17:33:33.106331 2024] [mpm_winnt:notice] [pid 16288:tid 428] AH00455: Apache/2.4.58 (Win64) OpenSSL/3.1.3 PHP/8.1.25 configured -- resuming normal operations
[Thu Apr 25 17:33:33.106331 2024] [mpm_winnt:notice] [pid 16288:tid 428] AH00456: Apache Lounge VS17 Server built: Oct 18 2023 13:03:18
[Thu Apr 25 17:33:33.106331 2024] [core:notice] [pid 16288:tid 428] AH00094: Command line: 'c:\\xampp\\apache\\bin\\httpd.exe -d C:/xampp/apache'
[Thu Apr 25 17:33:33.110324 2024] [mpm_winnt:notice] [pid 16288:tid 428] AH00418: Parent: Created child process 3628
[Thu Apr 25 17:33:34.284326 2024] [ssl:warn] [pid 3628:tid 432] AH01909: www.example.com:443:0 server certificate does NOT include an ID which matches the server name
[Thu Apr 25 17:33:34.404321 2024] [ssl:warn] [pid 3628:tid 432] AH01909: www.example.com:443:0 server certificate does NOT include an ID which matches the server name
[Thu Apr 25 17:33:34.502322 2024] [mpm_winnt:notice] [pid 3628:tid 432] AH00354: Child: Starting 150 worker threads.
[Thu Apr 25 17:46:07.732505 2024] [ssl:warn] [pid 13200:tid 448] AH01909: www.example.com:443:0 server certificate does NOT include an ID which matches the server name
[Thu Apr 25 17:46:07.807216 2024] [core:warn] [pid 13200:tid 448] AH00098: pid file C:/xampp/apache/logs/httpd.pid overwritten -- Unclean shutdown of previous Apache run?
[Thu Apr 25 17:46:07.812222 2024] [ssl:warn] [pid 13200:tid 448] AH01909: www.example.com:443:0 server certificate does NOT include an ID which matches the server name
[Thu Apr 25 17:46:07.903218 2024] [mpm_winnt:notice] [pid 13200:tid 448] AH00455: Apache/2.4.58 (Win64) OpenSSL/3.1.3 PHP/8.1.25 configured -- resuming normal operations
[Thu Apr 25 17:46:07.903218 2024] [mpm_winnt:notice] [pid 13200:tid 448] AH00456: Apache Lounge VS17 Server built: Oct 18 2023 13:03:18
[Thu Apr 25 17:46:07.903218 2024] [core:notice] [pid 13200:tid 448] AH00094: Command line: 'c:\\xampp\\apache\\bin\\httpd.exe -d C:/xampp/apache'
[Thu Apr 25 17:46:07.907224 2024] [mpm_winnt:notice] [pid 13200:tid 448] AH00418: Parent: Created child process 12208
[Thu Apr 25 17:46:09.072934 2024] [ssl:warn] [pid 12208:tid 432] AH01909: www.example.com:443:0 server certificate does NOT include an ID which matches the server name
[Thu Apr 25 17:46:09.170936 2024] [ssl:warn] [pid 12208:tid 432] AH01909: www.example.com:443:0 server certificate does NOT include an ID which matches the server name
[Thu Apr 25 17:46:09.271937 2024] [mpm_winnt:notice] [pid 12208:tid 432] AH00354: Child: Starting 150 worker threads.
[Thu Apr 25 17:56:31.236767 2024] [ssl:warn] [pid 8256:tid 432] AH01909: www.example.com:443:0 server certificate does NOT include an ID which matches the server name
[Thu Apr 25 17:56:31.439775 2024] [core:warn] [pid 8256:tid 432] AH00098: pid file C:/xampp/apache/logs/httpd.pid overwritten -- Unclean shutdown of previous Apache run?
[Thu Apr 25 17:56:31.444763 2024] [ssl:warn] [pid 8256:tid 432] AH01909: www.example.com:443:0 server certificate does NOT include an ID which matches the server name
[Thu Apr 25 17:56:31.588765 2024] [mpm_winnt:notice] [pid 8256:tid 432] AH00455: Apache/2.4.58 (Win64) OpenSSL/3.1.3 PHP/8.1.25 configured -- resuming normal operations
[Thu Apr 25 17:56:31.588765 2024] [mpm_winnt:notice] [pid 8256:tid 432] AH00456: Apache Lounge VS17 Server built: Oct 18 2023 13:03:18
[Thu Apr 25 17:56:31.588765 2024] [core:notice] [pid 8256:tid 432] AH00094: Command line: 'c:\\xampp\\apache\\bin\\httpd.exe -d C:/xampp/apache'
[Thu Apr 25 17:56:31.593765 2024] [mpm_winnt:notice] [pid 8256:tid 432] AH00418: Parent: Created child process 920
[Thu Apr 25 17:56:33.167610 2024] [ssl:warn] [pid 920:tid 436] AH01909: www.example.com:443:0 server certificate does NOT include an ID which matches the server name
[Thu Apr 25 17:56:33.250610 2024] [ssl:warn] [pid 920:tid 436] AH01909: www.example.com:443:0 server certificate does NOT include an ID which matches the server name
[Thu Apr 25 17:56:33.410611 2024] [mpm_winnt:notice] [pid 920:tid 436] AH00354: Child: Starting 150 worker threads.
[Thu Apr 25 17:58:51.725107 2024] [ssl:warn] [pid 3628:tid 480] AH01909: www.example.com:443:0 server certificate does NOT include an ID which matches the server name
[Thu Apr 25 17:58:51.872103 2024] [core:warn] [pid 3628:tid 480] AH00098: pid file C:/xampp/apache/logs/httpd.pid overwritten -- Unclean shutdown of previous Apache run?
[Thu Apr 25 17:58:51.877108 2024] [ssl:warn] [pid 3628:tid 480] AH01909: www.example.com:443:0 server certificate does NOT include an ID which matches the server name
[Thu Apr 25 17:58:52.003107 2024] [mpm_winnt:notice] [pid 3628:tid 480] AH00455: Apache/2.4.58 (Win64) OpenSSL/3.1.3 PHP/8.1.25 configured -- resuming normal operations
[Thu Apr 25 17:58:52.004109 2024] [mpm_winnt:notice] [pid 3628:tid 480] AH00456: Apache Lounge VS17 Server built: Oct 18 2023 13:03:18
[Thu Apr 25 17:58:52.004109 2024] [core:notice] [pid 3628:tid 480] AH00094: Command line: 'c:\\xampp\\apache\\bin\\httpd.exe -d C:/xampp/apache'
[Thu Apr 25 17:58:52.011108 2024] [mpm_winnt:notice] [pid 3628:tid 480] AH00418: Parent: Created child process 11356
[Thu Apr 25 17:58:54.433112 2024] [ssl:warn] [pid 11356:tid 432] AH01909: www.example.com:443:0 server certificate does NOT include an ID which matches the server name
[Thu Apr 25 17:58:54.587109 2024] [ssl:warn] [pid 11356:tid 432] AH01909: www.example.com:443:0 server certificate does NOT include an ID which matches the server name
[Thu Apr 25 17:58:54.839111 2024] [mpm_winnt:notice] [pid 11356:tid 432] AH00354: Child: Starting 150 worker threads.
[Thu Apr 25 18:31:33.614769 2024] [ssl:warn] [pid 16756:tid 444] AH01909: www.example.com:443:0 server certificate does NOT include an ID which matches the server name
[Thu Apr 25 18:31:33.720765 2024] [core:warn] [pid 16756:tid 444] AH00098: pid file C:/xampp/apache/logs/httpd.pid overwritten -- Unclean shutdown of previous Apache run?
[Thu Apr 25 18:31:33.728770 2024] [ssl:warn] [pid 16756:tid 444] AH01909: www.example.com:443:0 server certificate does NOT include an ID which matches the server name
[Thu Apr 25 18:31:34.236762 2024] [mpm_winnt:notice] [pid 16756:tid 444] AH00455: Apache/2.4.58 (Win64) OpenSSL/3.1.3 PHP/8.1.25 configured -- resuming normal operations
[Thu Apr 25 18:31:34.236762 2024] [mpm_winnt:notice] [pid 16756:tid 444] AH00456: Apache Lounge VS17 Server built: Oct 18 2023 13:03:18
[Thu Apr 25 18:31:34.236762 2024] [core:notice] [pid 16756:tid 444] AH00094: Command line: 'c:\\xampp\\apache\\bin\\httpd.exe -d C:/xampp/apache'
[Thu Apr 25 18:31:34.242767 2024] [mpm_winnt:notice] [pid 16756:tid 444] AH00418: Parent: Created child process 10768
[Thu Apr 25 18:31:35.716765 2024] [ssl:warn] [pid 10768:tid 440] AH01909: www.example.com:443:0 server certificate does NOT include an ID which matches the server name
[Thu Apr 25 18:31:35.810769 2024] [ssl:warn] [pid 10768:tid 440] AH01909: www.example.com:443:0 server certificate does NOT include an ID which matches the server name
[Thu Apr 25 18:31:35.936767 2024] [mpm_winnt:notice] [pid 10768:tid 440] AH00354: Child: Starting 150 worker threads.
[Thu Apr 25 18:32:55.870713 2024] [ssl:warn] [pid 17264:tid 432] AH01909: www.example.com:443:0 server certificate does NOT include an ID which matches the server name
[Thu Apr 25 18:32:55.953712 2024] [core:warn] [pid 17264:tid 432] AH00098: pid file C:/xampp/apache/logs/httpd.pid overwritten -- Unclean shutdown of previous Apache run?
[Thu Apr 25 18:32:55.957712 2024] [ssl:warn] [pid 17264:tid 432] AH01909: www.example.com:443:0 server certificate does NOT include an ID which matches the server name
[Thu Apr 25 18:32:56.056720 2024] [mpm_winnt:notice] [pid 17264:tid 432] AH00455: Apache/2.4.58 (Win64) OpenSSL/3.1.3 PHP/8.1.25 configured -- resuming normal operations
[Thu Apr 25 18:32:56.056720 2024] [mpm_winnt:notice] [pid 17264:tid 432] AH00456: Apache Lounge VS17 Server built: Oct 18 2023 13:03:18
[Thu Apr 25 18:32:56.056720 2024] [core:notice] [pid 17264:tid 432] AH00094: Command line: 'c:\\xampp\\apache\\bin\\httpd.exe -d C:/xampp/apache'
[Thu Apr 25 18:32:56.060717 2024] [mpm_winnt:notice] [pid 17264:tid 432] AH00418: Parent: Created child process 2576
[Thu Apr 25 18:32:57.351715 2024] [ssl:warn] [pid 2576:tid 436] AH01909: www.example.com:443:0 server certificate does NOT include an ID which matches the server name
[Thu Apr 25 18:32:57.426713 2024] [ssl:warn] [pid 2576:tid 436] AH01909: www.example.com:443:0 server certificate does NOT include an ID which matches the server name
[Thu Apr 25 18:32:57.685716 2024] [mpm_winnt:notice] [pid 2576:tid 436] AH00354: Child: Starting 150 worker threads.
[Thu Apr 25 18:35:22.297192 2024] [ssl:warn] [pid 10124:tid 468] AH01909: www.example.com:443:0 server certificate does NOT include an ID which matches the server name
[Thu Apr 25 18:35:22.387190 2024] [core:warn] [pid 10124:tid 468] AH00098: pid file C:/xampp/apache/logs/httpd.pid overwritten -- Unclean shutdown of previous Apache run?
[Thu Apr 25 18:35:22.392192 2024] [ssl:warn] [pid 10124:tid 468] AH01909: www.example.com:443:0 server certificate does NOT include an ID which matches the server name
[Thu Apr 25 18:35:22.491197 2024] [mpm_winnt:notice] [pid 10124:tid 468] AH00455: Apache/2.4.58 (Win64) OpenSSL/3.1.3 PHP/8.1.25 configured -- resuming normal operations
[Thu Apr 25 18:35:22.491197 2024] [mpm_winnt:notice] [pid 10124:tid 468] AH00456: Apache Lounge VS17 Server built: Oct 18 2023 13:03:18
[Thu Apr 25 18:35:22.491197 2024] [core:notice] [pid 10124:tid 468] AH00094: Command line: 'c:\\xampp\\apache\\bin\\httpd.exe -d C:/xampp/apache'
[Thu Apr 25 18:35:22.496197 2024] [mpm_winnt:notice] [pid 10124:tid 468] AH00418: Parent: Created child process 8600
[Thu Apr 25 18:35:23.777365 2024] [ssl:warn] [pid 8600:tid 432] AH01909: www.example.com:443:0 server certificate does NOT include an ID which matches the server name
[Thu Apr 25 18:35:23.857303 2024] [ssl:warn] [pid 8600:tid 432] AH01909: www.example.com:443:0 server certificate does NOT include an ID which matches the server name
[Thu Apr 25 18:35:23.961309 2024] [mpm_winnt:notice] [pid 8600:tid 432] AH00354: Child: Starting 150 worker threads.
[Thu Apr 25 19:02:44.230370 2024] [ssl:warn] [pid 4348:tid 472] AH01909: www.example.com:443:0 server certificate does NOT include an ID which matches the server name
[Thu Apr 25 19:02:44.344367 2024] [core:warn] [pid 4348:tid 472] AH00098: pid file C:/xampp/apache/logs/httpd.pid overwritten -- Unclean shutdown of previous Apache run?
[Thu Apr 25 19:02:44.349371 2024] [ssl:warn] [pid 4348:tid 472] AH01909: www.example.com:443:0 server certificate does NOT include an ID which matches the server name
[Thu Apr 25 19:02:44.457367 2024] [mpm_winnt:notice] [pid 4348:tid 472] AH00455: Apache/2.4.58 (Win64) OpenSSL/3.1.3 PHP/8.1.25 configured -- resuming normal operations
[Thu Apr 25 19:02:44.457367 2024] [mpm_winnt:notice] [pid 4348:tid 472] AH00456: Apache Lounge VS17 Server built: Oct 18 2023 13:03:18
[Thu Apr 25 19:02:44.457367 2024] [core:notice] [pid 4348:tid 472] AH00094: Command line: 'c:\\xampp\\apache\\bin\\httpd.exe -d C:/xampp/apache'
[Thu Apr 25 19:02:44.462371 2024] [mpm_winnt:notice] [pid 4348:tid 472] AH00418: Parent: Created child process 12948
[Thu Apr 25 19:02:45.659375 2024] [ssl:warn] [pid 12948:tid 456] AH01909: www.example.com:443:0 server certificate does NOT include an ID which matches the server name
[Thu Apr 25 19:02:45.732368 2024] [ssl:warn] [pid 12948:tid 456] AH01909: www.example.com:443:0 server certificate does NOT include an ID which matches the server name
[Thu Apr 25 19:02:45.856367 2024] [mpm_winnt:notice] [pid 12948:tid 456] AH00354: Child: Starting 150 worker threads.
[Thu Apr 25 19:04:14.213707 2024] [ssl:warn] [pid 1924:tid 480] AH01909: www.example.com:443:0 server certificate does NOT include an ID which matches the server name
[Thu Apr 25 19:04:14.299709 2024] [core:warn] [pid 1924:tid 480] AH00098: pid file C:/xampp/apache/logs/httpd.pid overwritten -- Unclean shutdown of previous Apache run?
[Thu Apr 25 19:04:14.304716 2024] [ssl:warn] [pid 1924:tid 480] AH01909: www.example.com:443:0 server certificate does NOT include an ID which matches the server name
[Thu Apr 25 19:04:14.403706 2024] [mpm_winnt:notice] [pid 1924:tid 480] AH00455: Apache/2.4.58 (Win64) OpenSSL/3.1.3 PHP/8.1.25 configured -- resuming normal operations
[Thu Apr 25 19:04:14.403706 2024] [mpm_winnt:notice] [pid 1924:tid 480] AH00456: Apache Lounge VS17 Server built: Oct 18 2023 13:03:18
[Thu Apr 25 19:04:14.403706 2024] [core:notice] [pid 1924:tid 480] AH00094: Command line: 'c:\\xampp\\apache\\bin\\httpd.exe -d C:/xampp/apache'
[Thu Apr 25 19:04:14.407709 2024] [mpm_winnt:notice] [pid 1924:tid 480] AH00418: Parent: Created child process 9072
[Thu Apr 25 19:04:15.656703 2024] [ssl:warn] [pid 9072:tid 448] AH01909: www.example.com:443:0 server certificate does NOT include an ID which matches the server name
[Thu Apr 25 19:04:15.739829 2024] [ssl:warn] [pid 9072:tid 448] AH01909: www.example.com:443:0 server certificate does NOT include an ID which matches the server name
[Thu Apr 25 19:04:15.844827 2024] [mpm_winnt:notice] [pid 9072:tid 448] AH00354: Child: Starting 150 worker threads.
[Thu Apr 25 19:13:24.120663 2024] [ssl:warn] [pid 14188:tid 440] AH01909: www.example.com:443:0 server certificate does NOT include an ID which matches the server name
[Thu Apr 25 19:13:24.223545 2024] [core:warn] [pid 14188:tid 440] AH00098: pid file C:/xampp/apache/logs/httpd.pid overwritten -- Unclean shutdown of previous Apache run?
[Thu Apr 25 19:13:24.227548 2024] [ssl:warn] [pid 14188:tid 440] AH01909: www.example.com:443:0 server certificate does NOT include an ID which matches the server name
[Thu Apr 25 19:13:24.328548 2024] [mpm_winnt:notice] [pid 14188:tid 440] AH00455: Apache/2.4.58 (Win64) OpenSSL/3.1.3 PHP/8.1.25 configured -- resuming normal operations
[Thu Apr 25 19:13:24.328548 2024] [mpm_winnt:notice] [pid 14188:tid 440] AH00456: Apache Lounge VS17 Server built: Oct 18 2023 13:03:18
[Thu Apr 25 19:13:24.328548 2024] [core:notice] [pid 14188:tid 440] AH00094: Command line: 'c:\\xampp\\apache\\bin\\httpd.exe -d C:/xampp/apache'
[Thu Apr 25 19:13:24.333552 2024] [mpm_winnt:notice] [pid 14188:tid 440] AH00418: Parent: Created child process 2720
[Thu Apr 25 19:13:25.549315 2024] [ssl:warn] [pid 2720:tid 432] AH01909: www.example.com:443:0 server certificate does NOT include an ID which matches the server name
[Thu Apr 25 19:13:25.622312 2024] [ssl:warn] [pid 2720:tid 432] AH01909: www.example.com:443:0 server certificate does NOT include an ID which matches the server name
[Thu Apr 25 19:13:25.756312 2024] [mpm_winnt:notice] [pid 2720:tid 432] AH00354: Child: Starting 150 worker threads.
[Thu Apr 25 19:14:31.210840 2024] [ssl:warn] [pid 13108:tid 456] AH01909: www.example.com:443:0 server certificate does NOT include an ID which matches the server name
[Thu Apr 25 19:14:31.314833 2024] [core:warn] [pid 13108:tid 456] AH00098: pid file C:/xampp/apache/logs/httpd.pid overwritten -- Unclean shutdown of previous Apache run?
[Thu Apr 25 19:14:31.318835 2024] [ssl:warn] [pid 13108:tid 456] AH01909: www.example.com:443:0 server certificate does NOT include an ID which matches the server name
[Thu Apr 25 19:14:31.417835 2024] [mpm_winnt:notice] [pid 13108:tid 456] AH00455: Apache/2.4.58 (Win64) OpenSSL/3.1.3 PHP/8.1.25 configured -- resuming normal operations
[Thu Apr 25 19:14:31.417835 2024] [mpm_winnt:notice] [pid 13108:tid 456] AH00456: Apache Lounge VS17 Server built: Oct 18 2023 13:03:18
[Thu Apr 25 19:14:31.417835 2024] [core:notice] [pid 13108:tid 456] AH00094: Command line: 'c:\\xampp\\apache\\bin\\httpd.exe -d C:/xampp/apache'
[Thu Apr 25 19:14:31.422838 2024] [mpm_winnt:notice] [pid 13108:tid 456] AH00418: Parent: Created child process 17236
[Thu Apr 25 19:14:32.673835 2024] [ssl:warn] [pid 17236:tid 444] AH01909: www.example.com:443:0 server certificate does NOT include an ID which matches the server name
[Thu Apr 25 19:14:32.780836 2024] [ssl:warn] [pid 17236:tid 444] AH01909: www.example.com:443:0 server certificate does NOT include an ID which matches the server name
[Thu Apr 25 19:14:32.892834 2024] [mpm_winnt:notice] [pid 17236:tid 444] AH00354: Child: Starting 150 worker threads.
